lecturasDB    PATH DB: [D:\RaulPersonal\MONEDAS\MonedasdelMundo\coleccionMonedas.sqlite]
lecturasDB    PATH DB: [D:\RaulPersonal\MONEDAS\MonedasdelMundo\coleccionMonedas.sqlite]
lecturasDB    DBLeerFechaActualilzacion--> SQL: [SELECT * FROM INFORMACION WHERE TAG='ULTIMA_MODIFICACION';]
lecturasDB    PATH DB: [D:\RaulPersonal\MONEDAS\MonedasdelMundo\coleccionMonedas.sqlite]
lecturasDB    PATH DB: [D:\RaulPersonal\MONEDAS\MonedasdelMundo\coleccionMonedas.sqlite]
lecturasDB    PATH DB: [D:\RaulPersonal\MONEDAS\MonedasdelMundo\coleccionMonedas.sqlite]
lecturasDB    DBLeerFechaActualilzacion--> SQL: [SELECT * FROM INFORMACION WHERE TAG='ULTIMA_MODIFICACION';]
lecturasDB    PATH DB: [D:\RaulPersonal\MONEDAS\MonedasdelMundo\coleccionMonedas.sqlite]
vista_principal boton pulsado de AFRICA
lecturasDB    DBLeerPaisNombres--> SQL: [SELECT DISTINCT PAIS FROM MONEDAS WHERE IDMONEDA like '1%';]
vista_principal crearListaBotones(), Se van a crear 3 botones
vista_principal pintarMonedas() con valor=Egipto, tipo=3
monedasJpanel tipo de boton 0
vista_principal crearObjetoMonedasMundo() INICIO
lecturasDB    DBLeerMoneda--> SQL 1: [SELECT VALOR FROM MONEDAS_AUX WHERE PAIS='Egipto';]
lecturasDB    DBLeerMoneda--> SQL 2: [SELECT KM FROM MONEDAS_AUX WHERE PAIS='Egipto';]
lecturasDB    DBLeerMoneda--> SQL 3: [SELECT IDMONEDA,KMMONEDA,VALOR,DATE FROM MONEDAS WHERE PAIS='Egipto' ORDER BY IDMONEDA;]
monedasJpanel Path imagen: D:\RaulPersonal\MONEDAS\MonedasdelMundo\\Africa\10030001.png
monedasJpanel Se a pulsado el boton=1
monedasJpanel mostrarInformacionMonedasMundo() 
lecturasDB    PATH DB: [D:\RaulPersonal\MONEDAS\MonedasdelMundo\coleccionMonedas.sqlite]
vista_infoMonedas mostrarMoneda() Mostramos la informacion de la moneda con ID=10030001
lecturasDB    DBLeerMoneda--> SQL 2: [SELECT PAIS FROM MONEDAS WHERE IDMONEDA=10030001;]
lecturasDB    DBLeerMoneda--> SQL 2: [SELECT KM FROM MONEDAS_AUX WHERE PAIS='Egipto';]
lecturasDB    DBLeerMonedaExtendida--> SQL: [SELECT * FROM MONEDAS WHERE IDMONEDA=10030001;]
vista_infoMonedas Path imagen: D:\RaulPersonal\MONEDAS\MonedasdelMundo\\Africa\10030001.png
lecturasDB    PATH DB: [D:\RaulPersonal\MONEDAS\MonedasdelMundo\coleccionMonedas.sqlite]
lecturasDB    PATH DB: [D:\RaulPersonal\MONEDAS\MonedasdelMundo\coleccionMonedas.sqlite]
lecturasDB    DBLeerFechaActualilzacion--> SQL: [SELECT * FROM INFORMACION WHERE TAG='ULTIMA_MODIFICACION';]
lecturasDB    PATH DB: [D:\RaulPersonal\MONEDAS\MonedasdelMundo\coleccionMonedas.sqlite]
vista_principal boton pulsado de AFRICA
lecturasDB    DBLeerPaisNombres--> SQL: [SELECT DISTINCT PAIS FROM MONEDAS WHERE IDMONEDA like '1%';]
vista_principal crearListaBotones(), Se van a crear 3 botones
vista_principal pintarMonedas() con valor=Egipto, tipo=3
monedasJpanel tipo de boton 0
vista_principal crearObjetoMonedasMundo() INICIO
lecturasDB    DBLeerMoneda--> SQL 1: [SELECT VALOR FROM MONEDAS_AUX WHERE PAIS='Egipto';]
lecturasDB    DBLeerMoneda--> SQL 2: [SELECT KM FROM MONEDAS_AUX WHERE PAIS='Egipto';]
lecturasDB    DBLeerMoneda--> SQL 3: [SELECT IDMONEDA,KMMONEDA,VALOR,DATE FROM MONEDAS WHERE PAIS='Egipto' ORDER BY IDMONEDA;]
monedasJpanel Path imagen: D:\RaulPersonal\MONEDAS\MonedasdelMundo\\Africa\10030001.png
lecturasDB    PATH DB: [D:\RaulPersonal\MONEDAS\MonedasdelMundo\coleccionMonedas.sqlite]
generarPdf    generarPdfMonedasMundo--> INICIO, con rutaD:\RaulPersonal\MONEDAS\MonedasdelMundo\Pdfs\Marruecos.pdf
lecturasDB    DBLeerMoneda--> SQL 1: [SELECT VALOR FROM MONEDAS_AUX WHERE PAIS='Marruecos';]
lecturasDB    DBLeerMoneda--> SQL 2: [SELECT KM FROM MONEDAS_AUX WHERE PAIS='Marruecos';]
lecturasDB    DBLeerMoneda--> SQL 3: [SELECT IDMONEDA,KMMONEDA,VALOR,DATE FROM MONEDAS WHERE PAIS='Marruecos' ORDER BY IDMONEDA;]
generarPdf    generarPdfMonedasMundo--> informacion de la monedaKM#62 -- 50 santimat de 1394-1974
generarPdf    generarPdfMonedasMundo--> ruta imagen monedaD:\RaulPersonal\MONEDAS\MonedasdelMundo\Africa\10020001.png
generarPdf    generarPdfMonedasMundo--> informacion de la monedaKM#87 -- 1/2 dirham de 1407-1987
generarPdf    generarPdfMonedasMundo--> ruta imagen monedaD:\RaulPersonal\MONEDAS\MonedasdelMundo\Africa\10020002.png
generarPdf    generarPdfMonedasMundo--> informacion de la monedaKM#63 -- 1 dirham de 1394-1974
generarPdf    generarPdfMonedasMundo--> ruta imagen monedaD:\RaulPersonal\MONEDAS\MonedasdelMundo\Africa\10020003.png
generarPdf    generarPdfMonedasMundo--> informacion de la monedaKM#88 -- 1 dirham de 1407-1987
generarPdf    generarPdfMonedasMundo--> ruta imagen monedaD:\RaulPersonal\MONEDAS\MonedasdelMundo\Africa\10020004.png
generarPdf    generarPdfMonedasMundo--> informacion de la monedaKM#72 -- 5 dirham de 1400-1980
generarPdf    generarPdfMonedasMundo--> ruta imagen monedaD:\RaulPersonal\MONEDAS\MonedasdelMundo\Africa\10020005.png
generarPdf    generarPdfMonedasMundo--> informacion de la monedaKM#82 -- 5 dirham de 1407-1987
generarPdf    generarPdfMonedasMundo--> ruta imagen monedaD:\RaulPersonal\MONEDAS\MonedasdelMundo\Africa\10020006.png
generarPdf    generarPdfMonedasMundo--> informacion de la monedaKM#92 -- 10 dirham de 1415-1995
generarPdf    generarPdfMonedasMundo--> ruta imagen monedaD:\RaulPersonal\MONEDAS\MonedasdelMundo\Africa\10020007.png
generarPdf    generarPdfMonedasMundo--> informacion de la monedaKM#114 -- 10 santimat de 1423-2002
generarPdf    generarPdfMonedasMundo--> ruta imagen monedaD:\RaulPersonal\MONEDAS\MonedasdelMundo\Africa\10020008.png
generarPdf    generarPdfMonedasMundo--> informacion de la monedaKM#116 -- 1/2 dirham de 1423-2002
generarPdf    generarPdfMonedasMundo--> ruta imagen monedaD:\RaulPersonal\MONEDAS\MonedasdelMundo\Africa\10020009.png
generarPdf    generarPdfMonedasMundo--> informacion de la monedaKM#117 -- 1 dirham de 1423-2002
generarPdf    generarPdfMonedasMundo--> ruta imagen monedaD:\RaulPersonal\MONEDAS\MonedasdelMundo\Africa\10020010.png
generarPdf    generarPdfMonedasMundo--> informacion de la monedaKM#118 -- 2 dirham de 1423-2002
generarPdf    generarPdfMonedasMundo--> ruta imagen monedaD:\RaulPersonal\MONEDAS\MonedasdelMundo\Africa\10020011.png
generarPdf    generarPdfMonedasMundo--> informacion de la monedaKM#109 -- 5 dirham de 1423-2002
generarPdf    generarPdfMonedasMundo--> ruta imagen monedaD:\RaulPersonal\MONEDAS\MonedasdelMundo\Africa\10020012.png
generarPdf    generarPdfMonedasMundo--> informacion de la monedaKM#110 -- 10 dirham de 1423-2002
generarPdf    generarPdfMonedasMundo--> ruta imagen monedaD:\RaulPersonal\MONEDAS\MonedasdelMundo\Africa\10020013.png
generarPdf    generarPdfMonedasMundo--> informacion de la monedaKM#56 -- 1 dirham de 1389-1969
generarPdf    generarPdfMonedasMundo--> ruta imagen monedaD:\RaulPersonal\MONEDAS\MonedasdelMundo\Africa\10020014.png
generarPdf    generarPdfMonedasMundo--> informacion de la monedaKM#138 -- 1/2 dirham de 1433-2012
generarPdf    generarPdfMonedasMundo--> ruta imagen monedaD:\RaulPersonal\MONEDAS\MonedasdelMundo\Africa\10020015.png
generarPdf    generarPdfMonedasMundo--> informacion de la monedaKM#139 -- 1 dirham de 1439-2018
generarPdf    generarPdfMonedasMundo--> ruta imagen monedaD:\RaulPersonal\MONEDAS\MonedasdelMundo\Africa\10020016.png
generarPdf    generarPdfMonedasMundo--> informacion de la monedaKM#140 -- 5 dirham de 1439-2018
generarPdf    generarPdfMonedasMundo--> ruta imagen monedaD:\RaulPersonal\MONEDAS\MonedasdelMundo\Africa\10020017.png
generarPdf    generarPdfMonedasMundo--> informacion de la monedaKM#50 -- 20 francs de 1371-1952
generarPdf    generarPdfMonedasMundo--> ruta imagen monedaD:\RaulPersonal\MONEDAS\MonedasdelMundo\Africa\10020018.png
generarPdf    generarPdfMonedasMundo--> informacion de la monedaKM#51 -- 50 francs de 1371-1952
generarPdf    generarPdfMonedasMundo--> ruta imagen monedaD:\RaulPersonal\MONEDAS\MonedasdelMundo\Africa\10020019.png
generarPdf    generarPdfMonedasMundo--> informacion de la monedaKM#49 -- 10 francs de 1371-1952
generarPdf    generarPdfMonedasMundo--> ruta imagen monedaD:\RaulPersonal\MONEDAS\MonedasdelMundo\Africa\10020020.png
generarPdf    generarPdfMonedasMundo--> informacion de la monedaKM#48 -- 5 francs de 1370-1951
generarPdf    generarPdfMonedasMundo--> ruta imagen monedaD:\RaulPersonal\MONEDAS\MonedasdelMundo\Africa\10020021.png
generarPdf    generarPdfMonedasMundo--> informacion de la monedaKM#47 -- 2 francs de 1370-1951
generarPdf    generarPdfMonedasMundo--> ruta imagen monedaD:\RaulPersonal\MONEDAS\MonedasdelMundo\Africa\10020022.png
generarPdf    generarPdfMonedasMundo--> informacion de la monedaKM#59 -- 5 santimat de 1394-1974
generarPdf    generarPdfMonedasMundo--> ruta imagen monedaD:\RaulPersonal\MONEDAS\MonedasdelMundo\Africa\10020023.png
generarPdf    generarPdfMonedasMundo--> informacion de la monedaKM#61 -- 20 santimat de 1394-1974
generarPdf    generarPdfMonedasMundo--> ruta imagen monedaD:\RaulPersonal\MONEDAS\MonedasdelMundo\Africa\10020024.png
generarPdf    generarPdfMonedasMundo--> informacion de la monedaKM#115 -- 20 santimat de 1423-2002
generarPdf    generarPdfMonedasMundo--> ruta imagen monedaD:\RaulPersonal\MONEDAS\MonedasdelMundo\Africa\10020025.png
generarPdf    generarPdfMonedasMundo--> informacion de la monedaKM#141 -- 10 dirham de 1437-2016
generarPdf    generarPdfMonedasMundo--> ruta imagen monedaD:\RaulPersonal\MONEDAS\MonedasdelMundo\Africa\10020026.png
generarPdf    generarPdfMonedasMundo--> FIN
lecturasDB    PATH DB: [D:\RaulPersonal\MONEDAS\MonedasdelMundo\coleccionMonedas.sqlite]
lecturasDB    PATH DB: [D:\RaulPersonal\MONEDAS\MonedasdelMundo\coleccionMonedas.sqlite]
lecturasDB    DBLeerFechaActualilzacion--> SQL: [SELECT * FROM INFORMACION WHERE TAG='ULTIMA_MODIFICACION';]
lecturasDB    PATH DB: [D:\RaulPersonal\MONEDAS\MonedasdelMundo\coleccionMonedas.sqlite]
vista_principal boton pulsado de AFRICA
lecturasDB    DBLeerPaisNombres--> SQL: [SELECT DISTINCT PAIS FROM MONEDAS WHERE IDMONEDA like '1%';]
vista_principal crearListaBotones(), Se van a crear 3 botones
vista_principal pintarMonedas() con valor=Egipto, tipo=3
monedasJpanel tipo de boton 0
vista_principal crearObjetoMonedasMundo() INICIO
lecturasDB    DBLeerMoneda--> SQL 1: [SELECT VALOR FROM MONEDAS_AUX WHERE PAIS='Egipto';]
lecturasDB    DBLeerMoneda--> SQL 2: [SELECT KM FROM MONEDAS_AUX WHERE PAIS='Egipto';]
lecturasDB    DBLeerMoneda--> SQL 3: [SELECT IDMONEDA,KMMONEDA,VALOR,DATE FROM MONEDAS WHERE PAIS='Egipto' ORDER BY IDMONEDA;]
monedasJpanel Path imagen: D:\RaulPersonal\MONEDAS\MonedasdelMundo\\Africa\10030001.png
monedasJpanel Se a pulsado el boton=1
monedasJpanel mostrarInformacionMonedasMundo() 
lecturasDB    PATH DB: [D:\RaulPersonal\MONEDAS\MonedasdelMundo\coleccionMonedas.sqlite]
vista_infoMonedas mostrarMoneda() Mostramos la informacion de la moneda con ID=10030001
lecturasDB    DBLeerMoneda--> SQL 2: [SELECT PAIS FROM MONEDAS WHERE IDMONEDA=10030001;]
lecturasDB    DBLeerMoneda--> SQL 2: [SELECT KM FROM MONEDAS_AUX WHERE PAIS='Egipto';]
lecturasDB    DBLeerMonedaExtendida--> SQL: [SELECT * FROM MONEDAS WHERE IDMONEDA=10030001;]
vista_infoMonedas Path imagen: D:\RaulPersonal\MONEDAS\MonedasdelMundo\\Africa\10030001.png
lecturasDB    PATH DB: [D:\RaulPersonal\MONEDAS\MonedasdelMundo\coleccionMonedas.sqlite]
lecturasDB    PATH DB: [D:\RaulPersonal\MONEDAS\MonedasdelMundo\coleccionMonedas.sqlite]
lecturasDB    DBLeerFechaActualilzacion--> SQL: [SELECT * FROM INFORMACION WHERE TAG='ULTIMA_MODIFICACION';]
lecturasDB    PATH DB: [D:\RaulPersonal\MONEDAS\MonedasdelMundo\coleccionMonedas.sqlite]
vista_principal boton pulsado de AFRICA
lecturasDB    DBLeerPaisNombres--> SQL: [SELECT DISTINCT PAIS FROM MONEDAS WHERE IDMONEDA like '1%';]
vista_principal crearListaBotones(), Se van a crear 3 botones
vista_principal pintarMonedas() con valor=Egipto, tipo=3
monedasJpanel tipo de boton 0
vista_principal crearObjetoMonedasMundo() INICIO
lecturasDB    DBLeerMoneda--> SQL 1: [SELECT VALOR FROM MONEDAS_AUX WHERE PAIS='Egipto';]
lecturasDB    DBLeerMoneda--> SQL 2: [SELECT KM FROM MONEDAS_AUX WHERE PAIS='Egipto';]
lecturasDB    DBLeerMoneda--> SQL 3: [SELECT IDMONEDA,KMMONEDA,VALOR,DATE FROM MONEDAS WHERE PAIS='Egipto' ORDER BY IDMONEDA;]
monedasJpanel Path imagen: D:\RaulPersonal\MONEDAS\MonedasdelMundo\\Africa\10030001.png
monedasJpanel Se a pulsado el boton=1
monedasJpanel mostrarInformacionMonedasMundo() 
lecturasDB    PATH DB: [D:\RaulPersonal\MONEDAS\MonedasdelMundo\coleccionMonedas.sqlite]
vista_infoMonedas mostrarMoneda() Mostramos la informacion de la moneda con ID=10030001
lecturasDB    DBLeerMoneda--> SQL 2: [SELECT PAIS FROM MONEDAS WHERE IDMONEDA=10030001;]
lecturasDB    DBLeerMoneda--> SQL 2: [SELECT KM FROM MONEDAS_AUX WHERE PAIS='Egipto';]
lecturasDB    DBLeerMonedaExtendida--> SQL: [SELECT * FROM MONEDAS WHERE IDMONEDA=10030001;]
vista_infoMonedas Path imagen: D:\RaulPersonal\MONEDAS\MonedasdelMundo\\Africa\10030001.png
lecturasDB    PATH DB: [D:\RaulPersonal\MONEDAS\MonedasdelMundo\coleccionMonedas.sqlite]
lecturasDB    PATH DB: [D:\RaulPersonal\MONEDAS\MonedasdelMundo\coleccionMonedas.sqlite]
lecturasDB    DBLeerFechaActualilzacion--> SQL: [SELECT * FROM INFORMACION WHERE TAG='ULTIMA_MODIFICACION';]
lecturasDB    PATH DB: [D:\RaulPersonal\MONEDAS\MonedasdelMundo\coleccionMonedas.sqlite]
vista_principal boton pulsado de AFRICA
lecturasDB    DBLeerPaisNombres--> SQL: [SELECT DISTINCT PAIS FROM MONEDAS WHERE IDMONEDA like '1%';]
vista_principal crearListaBotones(), Se van a crear 3 botones
vista_principal pintarMonedas() con valor=Egipto, tipo=3
monedasJpanel tipo de boton 0
vista_principal crearObjetoMonedasMundo() INICIO
lecturasDB    DBLeerMoneda--> SQL 1: [SELECT VALOR FROM MONEDAS_AUX WHERE PAIS='Egipto';]
lecturasDB    DBLeerMoneda--> SQL 2: [SELECT KM FROM MONEDAS_AUX WHERE PAIS='Egipto';]
lecturasDB    DBLeerMoneda--> SQL 3: [SELECT IDMONEDA,KMMONEDA,VALOR,DATE FROM MONEDAS WHERE PAIS='Egipto' ORDER BY IDMONEDA;]
monedasJpanel Path imagen: D:\RaulPersonal\MONEDAS\MonedasdelMundo\\Africa\10030001.png
lecturasDB    PATH DB: [D:\RaulPersonal\MONEDAS\MonedasdelMundo\coleccionMonedas.sqlite]
lecturasDB    PATH DB: [D:\RaulPersonal\MONEDAS\MonedasdelMundo\coleccionMonedas.sqlite]
lecturasDB    DBLeerFechaActualilzacion--> SQL: [SELECT * FROM INFORMACION WHERE TAG='ULTIMA_MODIFICACION';]
lecturasDB    PATH DB: [D:\RaulPersonal\MONEDAS\MonedasdelMundo\coleccionMonedas.sqlite]
vista_principal boton pulsado de AFRICA
lecturasDB    DBLeerPaisNombres--> SQL: [SELECT DISTINCT PAIS FROM MONEDAS WHERE IDMONEDA like '1%';]
vista_principal crearListaBotones(), Se van a crear 3 botones
vista_principal pintarMonedas() con valor=Egipto, tipo=3
monedasJpanel tipo de boton 0
vista_principal crearObjetoMonedasMundo() INICIO
lecturasDB    DBLeerMoneda--> SQL 1: [SELECT VALOR FROM MONEDAS_AUX WHERE PAIS='Egipto';]
lecturasDB    DBLeerMoneda--> SQL 2: [SELECT KM FROM MONEDAS_AUX WHERE PAIS='Egipto';]
lecturasDB    DBLeerMoneda--> SQL 3: [SELECT IDMONEDA,KMMONEDA,VALOR,DATE FROM MONEDAS WHERE PAIS='Egipto' ORDER BY IDMONEDA;]
monedasJpanel Path imagen: D:\RaulPersonal\MONEDAS\MonedasdelMundo\\Africa\10030001.png
monedasJpanel Se a pulsado el boton=1
monedasJpanel mostrarInformacionMonedasMundo() 
lecturasDB    PATH DB: [D:\RaulPersonal\MONEDAS\MonedasdelMundo\coleccionMonedas.sqlite]
vista_infoMonedas mostrarMoneda() Mostramos la informacion de la moneda con ID=10030001
lecturasDB    DBLeerMoneda--> SQL 2: [SELECT PAIS FROM MONEDAS WHERE IDMONEDA=10030001;]
lecturasDB    DBLeerMoneda--> SQL 2: [SELECT KM FROM MONEDAS_AUX WHERE PAIS='Egipto';]
lecturasDB    DBLeerMonedaExtendida--> SQL: [SELECT * FROM MONEDAS WHERE IDMONEDA=10030001;]
vista_infoMonedas Path imagen: D:\RaulPersonal\MONEDAS\MonedasdelMundo\\Africa\10030001.png
lecturasDB    PATH DB: [D:\RaulPersonal\MONEDAS\MonedasdelMundo\coleccionMonedas.sqlite]
lecturasDB    PATH DB: [D:\RaulPersonal\MONEDAS\MonedasdelMundo\coleccionMonedas.sqlite]
lecturasDB    DBLeerFechaActualilzacion--> SQL: [SELECT * FROM INFORMACION WHERE TAG='ULTIMA_MODIFICACION';]
lecturasDB    PATH DB: [D:\RaulPersonal\MONEDAS\MonedasdelMundo\coleccionMonedas.sqlite]
vista_principal boton pulsado de AFRICA
lecturasDB    DBLeerPaisNombres--> SQL: [SELECT DISTINCT PAIS FROM MONEDAS WHERE IDMONEDA like '1%';]
vista_principal crearListaBotones(), Se van a crear 3 botones
vista_principal pintarMonedas() con valor=Egipto, tipo=3
monedasJpanel tipo de boton 0
vista_principal crearObjetoMonedasMundo() INICIO
lecturasDB    DBLeerMoneda--> SQL 1: [SELECT VALOR FROM MONEDAS_AUX WHERE PAIS='Egipto';]
lecturasDB    DBLeerMoneda--> SQL 2: [SELECT KM FROM MONEDAS_AUX WHERE PAIS='Egipto';]
lecturasDB    DBLeerMoneda--> SQL 3: [SELECT IDMONEDA,KMMONEDA,VALOR,DATE FROM MONEDAS WHERE PAIS='Egipto' ORDER BY IDMONEDA;]
monedasJpanel Path imagen: D:\RaulPersonal\MONEDAS\MonedasdelMundo\Africa\10030001.png
monedasJpanel Se a pulsado el boton=1
monedasJpanel mostrarInformacionMonedasMundo() 
lecturasDB    PATH DB: [D:\RaulPersonal\MONEDAS\MonedasdelMundo\coleccionMonedas.sqlite]
vista_infoMonedas mostrarMoneda() Mostramos la informacion de la moneda con ID=10030001
lecturasDB    DBLeerMoneda--> SQL 2: [SELECT PAIS FROM MONEDAS WHERE IDMONEDA=10030001;]
lecturasDB    DBLeerMoneda--> SQL 2: [SELECT KM FROM MONEDAS_AUX WHERE PAIS='Egipto';]
lecturasDB    DBLeerMonedaExtendida--> SQL: [SELECT * FROM MONEDAS WHERE IDMONEDA=10030001;]
vista_infoMonedas Path imagen: D:\RaulPersonal\MONEDAS\MonedasdelMundo\Africa\10030001.png
lecturasDB    PATH DB: [D:\RaulPersonal\MONEDAS\MonedasdelMundo\coleccionMonedas.sqlite]
lecturasDB    PATH DB: [D:\RaulPersonal\MONEDAS\MonedasdelMundo\coleccionMonedas.sqlite]
lecturasDB    DBLeerFechaActualilzacion--> SQL: [SELECT * FROM INFORMACION WHERE TAG='ULTIMA_MODIFICACION';]
lecturasDB    PATH DB: [D:\RaulPersonal\MONEDAS\MonedasdelMundo\coleccionMonedas.sqlite]
vista_principal boton pulsado de AFRICA
lecturasDB    DBLeerPaisNombres--> SQL: [SELECT DISTINCT PAIS FROM MONEDAS WHERE IDMONEDA like '1%';]
vista_principal crearListaBotones(), Se van a crear 3 botones
vista_principal pintarMonedas() con valor=Egipto, tipo=3
monedasJpanel tipo de boton 0
vista_principal crearObjetoMonedasMundo() INICIO
lecturasDB    DBLeerMoneda--> SQL 1: [SELECT VALOR FROM MONEDAS_AUX WHERE PAIS='Egipto';]
lecturasDB    DBLeerMoneda--> SQL 2: [SELECT KM FROM MONEDAS_AUX WHERE PAIS='Egipto';]
lecturasDB    DBLeerMoneda--> SQL 3: [SELECT IDMONEDA,KMMONEDA,VALOR,DATE FROM MONEDAS WHERE PAIS='Egipto' ORDER BY IDMONEDA;]
monedasJpanel Path imagen: D:\RaulPersonal\MONEDAS\MonedasdelMundo\Africa\10030001.png
vista_principal pintarMonedas() con valor=Marruecos, tipo=3
monedasJpanel tipo de boton 3
vista_principal crearObjetoMonedasMundo() INICIO
lecturasDB    DBLeerMoneda--> SQL 1: [SELECT VALOR FROM MONEDAS_AUX WHERE PAIS='Marruecos';]
lecturasDB    DBLeerMoneda--> SQL 2: [SELECT KM FROM MONEDAS_AUX WHERE PAIS='Marruecos';]
lecturasDB    DBLeerMoneda--> SQL 3: [SELECT IDMONEDA,KMMONEDA,VALOR,DATE FROM MONEDAS WHERE PAIS='Marruecos' ORDER BY IDMONEDA;]
prueba valor 2
prueba valor 2
prueba valor 2
prueba valor 2
prueba valor 2
prueba valor 2
prueba valor 2
prueba valor 2
prueba valor 2
prueba valor 2
prueba valor 2
prueba valor 2
prueba valor 2
prueba valor 2
prueba valor 1
prueba valor 1
prueba valor 1
prueba valor 2
prueba valor 2
prueba valor 2
prueba valor 2
prueba valor 2
prueba valor 2
prueba valor 2
prueba valor 2
prueba valor 2
prueba valor 2
prueba valor 2
prueba valor 2
prueba valor 2
prueba valor 2
prueba valor 2
prueba valor 2
prueba valor 2
prueba valor 2
prueba valor 2
prueba valor 2
prueba valor 2
prueba valor 2
prueba valor 2
prueba valor 2
prueba valor 2
prueba valor 2
prueba valor 2
prueba valor 2
prueba valor 2
prueba valor 2
prueba valor 2
prueba valor 0
prueba valor 0
prueba valor 0
prueba valor 0
prueba valor 0
prueba valor 0
prueba valor 0
prueba valor 0
prueba valor 0
prueba valor 0
prueba valor 0
prueba valor 0
prueba valor 0
prueba valor 0
prueba valor 0
prueba valor 0
prueba valor 0
prueba valor 0
prueba valor 0
prueba valor 0
prueba valor 0
prueba valor 0
prueba valor 0
prueba valor 0
prueba valor 0
prueba valor 1
prueba valor 1
prueba valor 1
prueba valor 1
prueba valor 1
prueba valor 1
prueba valor 1
prueba valor 1
prueba valor 1
prueba valor 1
prueba valor 1
prueba valor 1
prueba valor 1
prueba valor 1
prueba valor 2
prueba valor 2
prueba valor 2
prueba valor 2
monedasJpanel Path imagen: D:\RaulPersonal\MONEDAS\MonedasdelMundo\Africa\10020022.png
monedasJpanel Path imagen: D:\RaulPersonal\MONEDAS\MonedasdelMundo\Africa\10020021.png
monedasJpanel Path imagen: D:\RaulPersonal\MONEDAS\MonedasdelMundo\Africa\10020020.png
monedasJpanel Path imagen: D:\RaulPersonal\MONEDAS\MonedasdelMundo\Africa\10020018.png
monedasJpanel Path imagen: D:\RaulPersonal\MONEDAS\MonedasdelMundo\Africa\10020019.png
monedasJpanel Path imagen: D:\RaulPersonal\MONEDAS\MonedasdelMundo\Africa\10020023.png
monedasJpanel Path imagen: D:\RaulPersonal\MONEDAS\MonedasdelMundo\Africa\10020008.png
monedasJpanel Path imagen: D:\RaulPersonal\MONEDAS\MonedasdelMundo\Africa\10020024.png
monedasJpanel Path imagen: D:\RaulPersonal\MONEDAS\MonedasdelMundo\Africa\10020025.png
monedasJpanel Se a pulsado el boton=1
monedasJpanel mostrarInformacionMonedasMundo() 
lecturasDB    PATH DB: [D:\RaulPersonal\MONEDAS\MonedasdelMundo\coleccionMonedas.sqlite]
vista_infoMonedas mostrarMoneda() Mostramos la informacion de la moneda con ID=10020022
lecturasDB    DBLeerMoneda--> SQL 2: [SELECT PAIS FROM MONEDAS WHERE IDMONEDA=10020022;]
lecturasDB    DBLeerMoneda--> SQL 2: [SELECT KM FROM MONEDAS_AUX WHERE PAIS='Marruecos';]
lecturasDB    DBLeerMonedaExtendida--> SQL: [SELECT * FROM MONEDAS WHERE IDMONEDA=10020022;]
vista_infoMonedas Path imagen: D:\RaulPersonal\MONEDAS\MonedasdelMundo\Africa\10020022.png
lecturasDB    PATH DB: [D:\RaulPersonal\MonedasdelMundo\coleccionMonedas.sqlite]
lecturasDB    PATH DB: [D:\RaulPersonal\MonedasdelMundo\coleccionMonedas.sqlite]
lecturasDB    DBLeerFechaActualilzacion--> SQL: [SELECT * FROM INFORMACION WHERE TAG='ULTIMA_MODIFICACION';]
lecturasDB    PATH DB: [D:\RaulPersonal\MonedasdelMundo\coleccionMonedas.sqlite]
vista_principal boton pulsado de PESETA
lecturasDB    DBLeerPeriodosPeseta--> SQL: [SELECT DISTINCT PERIODO FROM PESETA;]
vista_principal crearListaBotones(), Se van a crear 6 botones
vista_principal pintarMonedas() con valor=Alfonso XIII, tipo=4
monedasJpanel tipo de boton 0
vista_principal crearObjetoMonedasPeseta() INICIO
lecturasDB    DBLeerPeseta--> SQL: [SELECT ID,KM,PERIODO,VALOR FROM PESETA WHERE PERIODO='Alfonso XIII' ORDER BY KM;]
lecturasDB    tengoPeseta--> SQL: [SELECT COUNT(*) FROM PESETAaux WHERE ID=6001 AND ESTA=1;]
monedasJpanel Path imagen: D:\RaulPersonal\MonedasdelMundo\Base.png
vista_principal pintarMonedas() con valor=Estado Español, tipo=4
monedasJpanel tipo de boton 4
vista_principal crearObjetoMonedasPeseta() INICIO
lecturasDB    DBLeerPeseta--> SQL: [SELECT ID,KM,PERIODO,VALOR FROM PESETA WHERE PERIODO='Estado Español' ORDER BY KM;]
lecturasDB    tengoPeseta--> SQL: [SELECT COUNT(*) FROM PESETAaux WHERE ID=1008 AND ESTA=1;]
lecturasDB    tengoPeseta--> SQL: [SELECT COUNT(*) FROM PESETAaux WHERE ID=1005 AND ESTA=1;]
lecturasDB    tengoPeseta--> SQL: [SELECT COUNT(*) FROM PESETAaux WHERE ID=1006 AND ESTA=1;]
lecturasDB    tengoPeseta--> SQL: [SELECT COUNT(*) FROM PESETAaux WHERE ID=1010 AND ESTA=1;]
lecturasDB    tengoPeseta--> SQL: [SELECT COUNT(*) FROM PESETAaux WHERE ID=1011 AND ESTA=1;]
lecturasDB    tengoPeseta--> SQL: [SELECT COUNT(*) FROM PESETAaux WHERE ID=1012 AND ESTA=1;]
lecturasDB    tengoPeseta--> SQL: [SELECT COUNT(*) FROM PESETAaux WHERE ID=1013 AND ESTA=1;]
lecturasDB    tengoPeseta--> SQL: [SELECT COUNT(*) FROM PESETAaux WHERE ID=1014 AND ESTA=1;]
lecturasDB    tengoPeseta--> SQL: [SELECT COUNT(*) FROM PESETAaux WHERE ID=1003 AND ESTA=1;]
lecturasDB    tengoPeseta--> SQL: [SELECT COUNT(*) FROM PESETAaux WHERE ID=1016 AND ESTA=1;]
lecturasDB    tengoPeseta--> SQL: [SELECT COUNT(*) FROM PESETAaux WHERE ID=1009 AND ESTA=1;]
lecturasDB    tengoPeseta--> SQL: [SELECT COUNT(*) FROM PESETAaux WHERE ID=1015 AND ESTA=1;]
getValorCompare INICIO 50 CENTIMOS
getValorCompare INICIO 1 PESETA
getValorCompare INICIO 50 CENTIMOS
getValorCompare INICIO 50 CENTIMOS
getValorCompare INICIO 50 CENTIMOS
getValorCompare INICIO 1 PESETA
getValorCompare INICIO 50 CENTIMOS
getValorCompare INICIO 50 CENTIMOS
getValorCompare INICIO 2.5 PESETAS
getValorCompare INICIO 50 CENTIMOS
getValorCompare INICIO 2.5 PESETAS
getValorCompare INICIO 1 PESETA
getValorCompare INICIO 5 PESETAS
getValorCompare INICIO 1 PESETA
getValorCompare INICIO 5 PESETAS
getValorCompare INICIO 2.5 PESETAS
getValorCompare INICIO 5 PESETAS
getValorCompare INICIO 1 PESETA
getValorCompare INICIO 5 PESETAS
getValorCompare INICIO 5 PESETAS
getValorCompare INICIO 25 PESETAS
getValorCompare INICIO 2.5 PESETAS
getValorCompare INICIO 25 PESETAS
getValorCompare INICIO 5 PESETAS
getValorCompare INICIO 50 PESETAS
getValorCompare INICIO 2.5 PESETAS
getValorCompare INICIO 50 PESETAS
getValorCompare INICIO 5 PESETAS
getValorCompare INICIO 50 PESETAS
getValorCompare INICIO 25 PESETAS
getValorCompare INICIO 10 CENTIMOS
getValorCompare INICIO 5 PESETAS
getValorCompare INICIO 10 CENTIMOS
getValorCompare INICIO 1 PESETA
getValorCompare INICIO 10 CENTIMOS
getValorCompare INICIO 50 CENTIMOS
getValorCompare INICIO 10 CENTIMOS
getValorCompare INICIO 50 CENTIMOS
getValorCompare INICIO 50 CENTIMOS
getValorCompare INICIO 2.5 PESETAS
getValorCompare INICIO 50 CENTIMOS
getValorCompare INICIO 50 CENTIMOS
getValorCompare INICIO 50 CENTIMOS
getValorCompare INICIO 1 PESETA
getValorCompare INICIO 1 PESETA
getValorCompare INICIO 2.5 PESETAS
getValorCompare INICIO 1 PESETA
getValorCompare INICIO 50 CENTIMOS
getValorCompare INICIO 1 PESETA
getValorCompare INICIO 1 PESETA
getValorCompare INICIO 100 PESETAS
getValorCompare INICIO 1 PESETA
getValorCompare INICIO 100 PESETAS
getValorCompare INICIO 5 PESETAS
getValorCompare INICIO 100 PESETAS
getValorCompare INICIO 50 PESETAS
monedasJpanel Path imagen: D:\RaulPersonal\MonedasdelMundo\Base.png
monedasJpanel Path imagen: D:\RaulPersonal\MonedasdelMundo\Base.png
monedasJpanel Path imagen: D:\RaulPersonal\MonedasdelMundo\Base.png
monedasJpanel Path imagen: D:\RaulPersonal\MonedasdelMundo\Base.png
monedasJpanel Path imagen: D:\RaulPersonal\MonedasdelMundo\Base.png
monedasJpanel Path imagen: D:\RaulPersonal\MonedasdelMundo\Base.png
monedasJpanel Path imagen: D:\RaulPersonal\MonedasdelMundo\Base.png
monedasJpanel Path imagen: D:\RaulPersonal\MonedasdelMundo\Base.png
monedasJpanel Path imagen: D:\RaulPersonal\MonedasdelMundo\Base.png
vista_principal pintarMonedas() con valor=Gobierno Nacional, tipo=4
monedasJpanel tipo de boton 4
vista_principal crearObjetoMonedasPeseta() INICIO
lecturasDB    DBLeerPeseta--> SQL: [SELECT ID,KM,PERIODO,VALOR FROM PESETA WHERE PERIODO='Gobierno Nacional' ORDER BY KM;]
lecturasDB    tengoPeseta--> SQL: [SELECT COUNT(*) FROM PESETAaux WHERE ID=1004 AND ESTA=1;]
lecturasDB    tengoPeseta--> SQL: [SELECT COUNT(*) FROM PESETAaux WHERE ID=1001 AND ESTA=1;]
lecturasDB    tengoPeseta--> SQL: [SELECT COUNT(*) FROM PESETAaux WHERE ID=1002 AND ESTA=1;]
lecturasDB    tengoPeseta--> SQL: [SELECT COUNT(*) FROM PESETAaux WHERE ID=1007 AND ESTA=1;]
getValorCompare INICIO 5 CENTIMOS
getValorCompare INICIO 25 CENTIMOS
getValorCompare INICIO 10 CENTIMOS
getValorCompare INICIO 5 CENTIMOS
getValorCompare INICIO 10 CENTIMOS
getValorCompare INICIO 25 CENTIMOS
getValorCompare INICIO 10 CENTIMOS
getValorCompare INICIO 5 CENTIMOS
getValorCompare INICIO 1 PESETA
getValorCompare INICIO 10 CENTIMOS
getValorCompare INICIO 1 PESETA
getValorCompare INICIO 25 CENTIMOS
monedasJpanel Path imagen: D:\RaulPersonal\MonedasdelMundo\Base.png
monedasJpanel Path imagen: D:\RaulPersonal\MonedasdelMundo\Base.png
monedasJpanel Path imagen: D:\RaulPersonal\MonedasdelMundo\Base.png
monedasJpanel Path imagen: D:\RaulPersonal\MonedasdelMundo\Base.png
